# JRE version: OpenJDK Runtime Environment Temurin-17.0.3+7 (17.0.3+7) (build 17.0.3+7)
# Java VM: OpenJDK 64-Bit Server VM Temurin-17.0.3+7 (17.0.3+7, mixed mode, tiered, compressed oops, compressed class ptrs, parallel gc, linux-amd64)
GC Precious Log:
 CPUs: 1 total, 1 available
 Memory: 1024M
 Large Page Support: Disabled
 NUMA Support: Disabled
 Compressed Oops: Enabled (32-bit)
 Alignments: Space 512K, Generation 512K, Heap 2M
 Heap Min Capacity: 100M
 Heap Initial Capacity: 100M
 Heap Max Capacity: 1G
 Pre-touch: Disabled
 Parallel Workers: 1
Heap:
 PSYoungGen      total 96256K, used 0K [0x00000000eab00000, 0x00000000f2f00000, 0x0000000100000000)
  eden space 62464K, 0% used [0x00000000eab00000,0x00000000eab00000,0x00000000ee800000)
  from space 33792K, 0% used [0x00000000f0e00000,0x00000000f0e00000,0x00000000f2f00000)
  to   space 14848K, 0% used [0x00000000ee800000,0x00000000ee800000,0x00000000ef680000)
 ParOldGen       total 213504K, used 206286K [0x00000000c0000000, 0x00000000cd080000, 0x00000000eab00000)
  object space 213504K, 96% used [0x00000000c0000000,0x00000000cc973ae8,0x00000000cd080000)
 Metaspace       used 58878K, committed 59840K, reserved 1105920K
  class space    used 6284K, committed 6656K, reserved 1048576K
GC Heap History (20 events):
Event: 27.714 GC heap after
{Heap after GC invocations=46 (full 5):
 PSYoungGen      total 48128K, used 6235K [0x00000000eab00000, 0x00000000ee600000, 0x0000000100000000)
  eden space 41472K, 0% used [0x00000000eab00000,0x00000000eab00000,0x00000000ed380000)
  from space 6656K, 93% used [0x00000000edf80000,0x00000000ee596e08,0x00000000ee600000)
  to   space 9216K, 0% used [0x00000000ed400000,0x00000000ed400000,0x00000000edd00000)
 ParOldGen       total 213504K, used 125343K [0x00000000c0000000, 0x00000000cd080000, 0x00000000eab00000)
  object space 213504K, 58% used [0x00000000c0000000,0x00000000c7a67c80,0x00000000cd080000)
 Metaspace       used 51857K, committed 52736K, reserved 1097728K
  class space    used 5619K, committed 5952K, reserved 1048576K
}
Event: 28.051 GC heap before
{Heap before GC invocations=47 (full 5):
 PSYoungGen      total 48128K, used 47707K [0x00000000eab00000, 0x00000000ee600000, 0x0000000100000000)
  eden space 41472K, 100% used [0x00000000eab00000,0x00000000ed380000,0x00000000ed380000)
  from space 6656K, 93% used [0x00000000edf80000,0x00000000ee596e08,0x00000000ee600000)
  to   space 9216K, 0% used [0x00000000ed400000,0x00000000ed400000,0x00000000edd00000)
 ParOldGen       total 213504K, used 125343K [0x00000000c0000000, 0x00000000cd080000, 0x00000000eab00000)
  object space 213504K, 58% used [0x00000000c0000000,0x00000000c7a67c80,0x00000000cd080000)
 Metaspace       used 52605K, committed 53568K, reserved 1097728K
  class space    used 5711K, committed 6080K, reserved 1048576K
}
Event: 28.079 GC heap after
{Heap after GC invocations=47 (full 5):
 PSYoungGen      total 51200K, used 9204K [0x00000000eab00000, 0x00000000ef600000, 0x0000000100000000)
  eden space 41984K, 0% used [0x00000000eab00000,0x00000000eab00000,0x00000000ed400000)
  from space 9216K, 99% used [0x00000000ed400000,0x00000000edcfd280,0x00000000edd00000)
  to   space 15872K, 0% used [0x00000000ee680000,0x00000000ee680000,0x00000000ef600000)
 ParOldGen       total 213504K, used 130433K [0x00000000c0000000, 0x00000000cd080000, 0x00000000eab00000)
  object space 213504K, 61% used [0x00000000c0000000,0x00000000c7f607e0,0x00000000cd080000)
 Metaspace       used 52605K, committed 53568K, reserved 1097728K
  class space    used 5711K, committed 6080K, reserved 1048576K
}
Event: 28.477 GC heap before
{Heap before GC invocations=48 (full 5):
 PSYoungGen      total 51200K, used 51188K [0x00000000eab00000, 0x00000000ef600000, 0x0000000100000000)
  eden space 41984K, 100% used [0x00000000eab00000,0x00000000ed400000,0x00000000ed400000)
  from space 9216K, 99% used [0x00000000ed400000,0x00000000edcfd280,0x00000000edd00000)
  to   space 15872K, 0% used [0x00000000ee680000,0x00000000ee680000,0x00000000ef600000)
 ParOldGen       total 213504K, used 130433K [0x00000000c0000000, 0x00000000cd080000, 0x00000000eab00000)
  object space 213504K, 61% used [0x00000000c0000000,0x00000000c7f607e0,0x00000000cd080000)
 Metaspace       used 53476K, committed 54400K, reserved 1097728K
  class space    used 5816K, committed 6208K, reserved 1048576K
}
Event: 28.530 GC heap after
{Heap after GC invocations=48 (full 5):
 PSYoungGen      total 54784K, used 9099K [0x00000000eab00000, 0x00000000eef80000, 0x0000000100000000)
  eden space 45568K, 0% used [0x00000000eab00000,0x00000000eab00000,0x00000000ed780000)
  from space 9216K, 98% used [0x00000000ee680000,0x00000000eef62ef0,0x00000000eef80000)
  to   space 11264K, 0% used [0x00000000ed980000,0x00000000ed980000,0x00000000ee480000)
 ParOldGen       total 213504K, used 139582K [0x00000000c0000000, 0x00000000cd080000, 0x00000000eab00000)
  object space 213504K, 65% used [0x00000000c0000000,0x00000000c884fa58,0x00000000cd080000)
 Metaspace       used 53476K, committed 54400K, reserved 1097728K
  class space    used 5816K, committed 6208K, reserved 1048576K
}
Event: 28.846 GC heap before
{Heap before GC invocations=49 (full 5):
 PSYoungGen      total 54784K, used 54667K [0x00000000eab00000, 0x00000000eef80000, 0x0000000100000000)
  eden space 45568K, 100% used [0x00000000eab00000,0x00000000ed780000,0x00000000ed780000)
  from space 9216K, 98% used [0x00000000ee680000,0x00000000eef62ef0,0x00000000eef80000)
  to   space 11264K, 0% used [0x00000000ed980000,0x00000000ed980000,0x00000000ee480000)
 ParOldGen       total 213504K, used 139582K [0x00000000c0000000, 0x00000000cd080000, 0x00000000eab00000)
  object space 213504K, 65% used [0x00000000c0000000,0x00000000c884fa58,0x00000000cd080000)
 Metaspace       used 54083K, committed 55104K, reserved 1097728K
  class space    used 5856K, committed 6272K, reserved 1048576K
}
Event: 28.867 GC heap after
{Heap after GC invocations=49 (full 5):
 PSYoungGen      total 58880K, used 11232K [0x00000000eab00000, 0x00000000ef600000, 0x0000000100000000)
  eden space 47616K, 0% used [0x00000000eab00000,0x00000000eab00000,0x00000000ed980000)
  from space 11264K, 99% used [0x00000000ed980000,0x00000000ee478300,0x00000000ee480000)
  to   space 13824K, 0% used [0x00000000ee880000,0x00000000ee880000,0x00000000ef600000)
 ParOldGen       total 213504K, used 141356K [0x00000000c0000000, 0x00000000cd080000, 0x00000000eab00000)
  object space 213504K, 66% used [0x00000000c0000000,0x00000000c8a0b0f0,0x00000000cd080000)
 Metaspace       used 54083K, committed 55104K, reserved 1097728K
  class space    used 5856K, committed 6272K, reserved 1048576K
}
Event: 29.226 GC heap before
{Heap before GC invocations=50 (full 5):
 PSYoungGen      total 58880K, used 58848K [0x00000000eab00000, 0x00000000ef600000, 0x0000000100000000)
  eden space 47616K, 100% used [0x00000000eab00000,0x00000000ed980000,0x00000000ed980000)
  from space 11264K, 99% used [0x00000000ed980000,0x00000000ee478300,0x00000000ee480000)
  to   space 13824K, 0% used [0x00000000ee880000,0x00000000ee880000,0x00000000ef600000)
 ParOldGen       total 213504K, used 141356K [0x00000000c0000000, 0x00000000cd080000, 0x00000000eab00000)
  object space 213504K, 66% used [0x00000000c0000000,0x00000000c8a0b0f0,0x00000000cd080000)
 Metaspace       used 54208K, committed 55168K, reserved 1105920K
  class space    used 5871K, committed 6272K, reserved 1048576K
}
Event: 29.284 GC heap after
{Heap after GC invocations=50 (full 5):
 PSYoungGen      total 57856K, used 6481K [0x00000000eab00000, 0x00000000eef00000, 0x0000000100000000)
  eden space 51200K, 0% used [0x00000000eab00000,0x00000000eab00000,0x00000000edd00000)
  from space 6656K, 97% used [0x00000000ee880000,0x00000000eeed4630,0x00000000eef00000)
  to   space 9216K, 0% used [0x00000000edd00000,0x00000000edd00000,0x00000000ee600000)
 ParOldGen       total 213504K, used 152532K [0x00000000c0000000, 0x00000000cd080000, 0x00000000eab00000)
  object space 213504K, 71% used [0x00000000c0000000,0x00000000c94f5118,0x00000000cd080000)
 Metaspace       used 54208K, committed 55168K, reserved 1105920K
  class space    used 5871K, committed 6272K, reserved 1048576K
}
Event: 29.814 GC heap before
{Heap before GC invocations=51 (full 5):
 PSYoungGen      total 57856K, used 57681K [0x00000000eab00000, 0x00000000eef00000, 0x0000000100000000)
  eden space 51200K, 100% used [0x00000000eab00000,0x00000000edd00000,0x00000000edd00000)
  from space 6656K, 97% used [0x00000000ee880000,0x00000000eeed4630,0x00000000eef00000)
  to   space 9216K, 0% used [0x00000000edd00000,0x00000000edd00000,0x00000000ee600000)
 ParOldGen       total 213504K, used 152532K [0x00000000c0000000, 0x00000000cd080000, 0x00000000eab00000)
  object space 213504K, 71% used [0x00000000c0000000,0x00000000c94f5118,0x00000000cd080000)
 Metaspace       used 54292K, committed 55232K, reserved 1105920K
  class space    used 5879K, committed 6272K, reserved 1048576K
}
Event: 29.872 GC heap after
{Heap after GC invocations=51 (full 5):
 PSYoungGen      total 60416K, used 9195K [0x00000000eab00000, 0x00000000efd80000, 0x0000000100000000)
  eden space 51200K, 0% used [0x00000000eab00000,0x00000000eab00000,0x00000000edd00000)
  from space 9216K, 99% used [0x00000000edd00000,0x00000000ee5faf78,0x00000000ee600000)
  to   space 14848K, 0% used [0x00000000eef00000,0x00000000eef00000,0x00000000efd80000)
 ParOldGen       total 213504K, used 156819K [0x00000000c0000000, 0x00000000cd080000, 0x00000000eab00000)
  object space 213504K, 73% used [0x00000000c0000000,0x00000000c9924c98,0x00000000cd080000)
 Metaspace       used 54292K, committed 55232K, reserved 1105920K
  class space    used 5879K, committed 6272K, reserved 1048576K
}
Event: 30.423 GC heap before
{Heap before GC invocations=52 (full 5):
 PSYoungGen      total 60416K, used 60395K [0x00000000eab00000, 0x00000000efd80000, 0x0000000100000000)
  eden space 51200K, 100% used [0x00000000eab00000,0x00000000edd00000,0x00000000edd00000)
  from space 9216K, 99% used [0x00000000edd00000,0x00000000ee5faf78,0x00000000ee600000)
  to   space 14848K, 0% used [0x00000000eef00000,0x00000000eef00000,0x00000000efd80000)
 ParOldGen       total 213504K, used 156819K [0x00000000c0000000, 0x00000000cd080000, 0x00000000eab00000)
  object space 213504K, 73% used [0x00000000c0000000,0x00000000c9924c98,0x00000000cd080000)
 Metaspace       used 55811K, committed 56832K, reserved 1105920K
  class space    used 6025K, committed 6464K, reserved 1048576K
}
Event: 30.574 GC heap after
{Heap after GC invocations=52 (full 5):
 PSYoungGen      total 62976K, used 7289K [0x00000000eab00000, 0x00000000ef680000, 0x0000000100000000)
  eden space 55296K, 0% used [0x00000000eab00000,0x00000000eab00000,0x00000000ee100000)
  from space 7680K, 94% used [0x00000000eef00000,0x00000000ef61e5c0,0x00000000ef680000)
  to   space 9728K, 0% used [0x00000000ee380000,0x00000000ee380000,0x00000000eed00000)
 ParOldGen       total 213504K, used 165835K [0x00000000c0000000, 0x00000000cd080000, 0x00000000eab00000)
  object space 213504K, 77% used [0x00000000c0000000,0x00000000ca1f2d80,0x00000000cd080000)
 Metaspace       used 55811K, committed 56832K, reserved 1105920K
  class space    used 6025K, committed 6464K, reserved 1048576K
}
Event: 31.605 GC heap before
{Heap before GC invocations=53 (full 5):
 PSYoungGen      total 62976K, used 62585K [0x00000000eab00000, 0x00000000ef680000, 0x0000000100000000)
  eden space 55296K, 100% used [0x00000000eab00000,0x00000000ee100000,0x00000000ee100000)
  from space 7680K, 94% used [0x00000000eef00000,0x00000000ef61e5c0,0x00000000ef680000)
  to   space 9728K, 0% used [0x00000000ee380000,0x00000000ee380000,0x00000000eed00000)
 ParOldGen       total 213504K, used 165835K [0x00000000c0000000, 0x00000000cd080000, 0x00000000eab00000)
  object space 213504K, 77% used [0x00000000c0000000,0x00000000ca1f2d80,0x00000000cd080000)
 Metaspace       used 58127K, committed 59072K, reserved 1105920K
  class space    used 6204K, committed 6592K, reserved 1048576K
}
Event: 31.669 GC heap after
{Heap after GC invocations=53 (full 5):
 PSYoungGen      total 67584K, used 9699K [0x00000000eab00000, 0x00000000f0b00000, 0x0000000100000000)
  eden space 57856K, 0% used [0x00000000eab00000,0x00000000eab00000,0x00000000ee380000)
  from space 9728K, 99% used [0x00000000ee380000,0x00000000eecf8c70,0x00000000eed00000)
  to   space 19456K, 0% used [0x00000000ef800000,0x00000000ef800000,0x00000000f0b00000)
 ParOldGen       total 213504K, used 173682K [0x00000000c0000000, 0x00000000cd080000, 0x00000000eab00000)
  object space 213504K, 81% used [0x00000000c0000000,0x00000000ca99c810,0x00000000cd080000)
 Metaspace       used 58127K, committed 59072K, reserved 1105920K
  class space    used 6204K, committed 6592K, reserved 1048576K
}
Event: 32.283 GC heap before
{Heap before GC invocations=54 (full 5):
 PSYoungGen      total 67584K, used 67555K [0x00000000eab00000, 0x00000000f0b00000, 0x0000000100000000)
  eden space 57856K, 100% used [0x00000000eab00000,0x00000000ee380000,0x00000000ee380000)
  from space 9728K, 99% used [0x00000000ee380000,0x00000000eecf8c70,0x00000000eed00000)
  to   space 19456K, 0% used [0x00000000ef800000,0x00000000ef800000,0x00000000f0b00000)
 ParOldGen       total 213504K, used 173682K [0x00000000c0000000, 0x00000000cd080000, 0x00000000eab00000)
  object space 213504K, 81% used [0x00000000c0000000,0x00000000ca99c810,0x00000000cd080000)
 Metaspace       used 58878K, committed 59840K, reserved 1105920K
  class space    used 6284K, committed 6656K, reserved 1048576K
}
Event: 32.431 GC heap after
{Heap after GC invocations=54 (full 5):
 PSYoungGen      total 75776K, used 13296K [0x00000000eab00000, 0x00000000f0500000, 0x0000000100000000)
  eden space 62464K, 0% used [0x00000000eab00000,0x00000000eab00000,0x00000000ee800000)
  from space 13312K, 99% used [0x00000000ef800000,0x00000000f04fc0c0,0x00000000f0500000)
  to   space 14848K, 0% used [0x00000000ee800000,0x00000000ee800000,0x00000000ef680000)
 ParOldGen       total 213504K, used 183187K [0x00000000c0000000, 0x00000000cd080000, 0x00000000eab00000)
  object space 213504K, 85% used [0x00000000c0000000,0x00000000cb2e4d00,0x00000000cd080000)
 Metaspace       used 58878K, committed 59840K, reserved 1105920K
  class space    used 6284K, committed 6656K, reserved 1048576K
}
Event: 32.949 GC heap before
{Heap before GC invocations=55 (full 5):
 PSYoungGen      total 75776K, used 75760K [0x00000000eab00000, 0x00000000f0500000, 0x0000000100000000)
  eden space 62464K, 100% used [0x00000000eab00000,0x00000000ee800000,0x00000000ee800000)
  from space 13312K, 99% used [0x00000000ef800000,0x00000000f04fc0c0,0x00000000f0500000)
  to   space 14848K, 0% used [0x00000000ee800000,0x00000000ee800000,0x00000000ef680000)
 ParOldGen       total 213504K, used 183187K [0x00000000c0000000, 0x00000000cd080000, 0x00000000eab00000)
  object space 213504K, 85% used [0x00000000c0000000,0x00000000cb2e4d00,0x00000000cd080000)
 Metaspace       used 58878K, committed 59840K, reserved 1105920K
  class space    used 6284K, committed 6656K, reserved 1048576K
}
Event: 33.074 GC heap after
{Heap after GC invocations=55 (full 5):
 PSYoungGen      total 77312K, used 14831K [0x00000000eab00000, 0x00000000f2f00000, 0x0000000100000000)
  eden space 62464K, 0% used [0x00000000eab00000,0x00000000eab00000,0x00000000ee800000)
  from space 14848K, 99% used [0x00000000ee800000,0x00000000ef67bc28,0x00000000ef680000)
  to   space 33792K, 0% used [0x00000000f0e00000,0x00000000f0e00000,0x00000000f2f00000)
 ParOldGen       total 213504K, used 198770K [0x00000000c0000000, 0x00000000cd080000, 0x00000000eab00000)
  object space 213504K, 93% used [0x00000000c0000000,0x00000000cc21cb18,0x00000000cd080000)
 Metaspace       used 58878K, committed 59840K, reserved 1105920K
  class space    used 6284K, committed 6656K, reserved 1048576K
}
Event: 33.074 GC heap before
{Heap before GC invocations=56 (full 6):
 PSYoungGen      total 77312K, used 14831K [0x00000000eab00000, 0x00000000f2f00000, 0x0000000100000000)
  eden space 62464K, 0% used [0x00000000eab00000,0x00000000eab00000,0x00000000ee800000)
  from space 14848K, 99% used [0x00000000ee800000,0x00000000ef67bc28,0x00000000ef680000)
  to   space 33792K, 0% used [0x00000000f0e00000,0x00000000f0e00000,0x00000000f2f00000)
 ParOldGen       total 213504K, used 198770K [0x00000000c0000000, 0x00000000cd080000, 0x00000000eab00000)
  object space 213504K, 93% used [0x00000000c0000000,0x00000000cc21cb18,0x00000000cd080000)
 Metaspace       used 58878K, committed 59840K, reserved 1105920K
  class space    used 6284K, committed 6656K, reserved 1048576K
}

