# JRE version: OpenJDK Runtime Environment Temurin-17.0.3+7 (17.0.3+7) (build 17.0.3+7)
# Java VM: OpenJDK 64-Bit Server VM Temurin-17.0.3+7 (17.0.3+7, mixed mode, tiered, compressed oops, compressed class ptrs, parallel gc, linux-amd64)
GC Precious Log:
 CPUs: 1 total, 1 available
 Memory: 1024M
 Large Page Support: Disabled
 NUMA Support: Disabled
 Compressed Oops: Enabled (32-bit)
 Alignments: Space 512K, Generation 512K, Heap 2M
 Heap Min Capacity: 100M
 Heap Initial Capacity: 100M
 Heap Max Capacity: 1G
 Pre-touch: Disabled
 Parallel Workers: 1
Heap:
 PSYoungGen      total 47616K, used 0K [0x00000000eab00000, 0x00000000eee00000, 0x0000000100000000)
  eden space 30720K, 0% used [0x00000000eab00000,0x00000000eab00000,0x00000000ec900000)
  from space 16896K, 0% used [0x00000000edd80000,0x00000000edd80000,0x00000000eee00000)
  to   space 8192K, 0% used [0x00000000ec900000,0x00000000ec900000,0x00000000ed100000)
 ParOldGen       total 278528K, used 277415K [0x00000000c0000000, 0x00000000d1000000, 0x00000000eab00000)
  object space 278528K, 99% used [0x00000000c0000000,0x00000000d0ee9fc0,0x00000000d1000000)
 Metaspace       used 56936K, committed 57792K, reserved 1105920K
  class space    used 6062K, committed 6464K, reserved 1048576K
GC Heap History (20 events):
Event: 33.709 GC heap after
{Heap after GC invocations=95 (full 6):
 PSYoungGen      total 29184K, used 6655K [0x00000000eab00000, 0x00000000ee880000, 0x0000000100000000)
  eden space 22528K, 0% used [0x00000000eab00000,0x00000000eab00000,0x00000000ec100000)
  from space 6656K, 99% used [0x00000000ecf80000,0x00000000ed5ffca8,0x00000000ed600000)
  to   space 14848K, 0% used [0x00000000ec100000,0x00000000ec100000,0x00000000ecf80000)
 ParOldGen       total 278528K, used 220452K [0x00000000c0000000, 0x00000000d1000000, 0x00000000eab00000)
  object space 278528K, 79% used [0x00000000c0000000,0x00000000cd7493b8,0x00000000d1000000)
 Metaspace       used 56935K, committed 57792K, reserved 1105920K
  class space    used 6062K, committed 6464K, reserved 1048576K
}
Event: 33.859 GC heap before
{Heap before GC invocations=96 (full 6):
 PSYoungGen      total 29184K, used 29183K [0x00000000eab00000, 0x00000000ee880000, 0x0000000100000000)
  eden space 22528K, 100% used [0x00000000eab00000,0x00000000ec100000,0x00000000ec100000)
  from space 6656K, 99% used [0x00000000ecf80000,0x00000000ed5ffca8,0x00000000ed600000)
  to   space 14848K, 0% used [0x00000000ec100000,0x00000000ec100000,0x00000000ecf80000)
 ParOldGen       total 278528K, used 220452K [0x00000000c0000000, 0x00000000d1000000, 0x00000000eab00000)
  object space 278528K, 79% used [0x00000000c0000000,0x00000000cd7493b8,0x00000000d1000000)
 Metaspace       used 56936K, committed 57792K, reserved 1105920K
  class space    used 6062K, committed 6464K, reserved 1048576K
}
Event: 33.933 GC heap after
{Heap after GC invocations=96 (full 6):
 PSYoungGen      total 28160K, used 5203K [0x00000000eab00000, 0x00000000ed400000, 0x0000000100000000)
  eden space 22528K, 0% used [0x00000000eab00000,0x00000000eab00000,0x00000000ec100000)
  from space 5632K, 92% used [0x00000000ec100000,0x00000000ec614ec0,0x00000000ec680000)
  to   space 8192K, 0% used [0x00000000ecc00000,0x00000000ecc00000,0x00000000ed400000)
 ParOldGen       total 278528K, used 227156K [0x00000000c0000000, 0x00000000d1000000, 0x00000000eab00000)
  object space 278528K, 81% used [0x00000000c0000000,0x00000000cddd5310,0x00000000d1000000)
 Metaspace       used 56936K, committed 57792K, reserved 1105920K
  class space    used 6062K, committed 6464K, reserved 1048576K
}
Event: 34.077 GC heap before
{Heap before GC invocations=97 (full 6):
 PSYoungGen      total 28160K, used 27731K [0x00000000eab00000, 0x00000000ed400000, 0x0000000100000000)
  eden space 22528K, 100% used [0x00000000eab00000,0x00000000ec100000,0x00000000ec100000)
  from space 5632K, 92% used [0x00000000ec100000,0x00000000ec614ec0,0x00000000ec680000)
  to   space 8192K, 0% used [0x00000000ecc00000,0x00000000ecc00000,0x00000000ed400000)
 ParOldGen       total 278528K, used 227156K [0x00000000c0000000, 0x00000000d1000000, 0x00000000eab00000)
  object space 278528K, 81% used [0x00000000c0000000,0x00000000cddd5310,0x00000000d1000000)
 Metaspace       used 56936K, committed 57792K, reserved 1105920K
  class space    used 6062K, committed 6464K, reserved 1048576K
}
Event: 34.172 GC heap after
{Heap after GC invocations=97 (full 6):
 PSYoungGen      total 31232K, used 5245K [0x00000000eab00000, 0x00000000ed180000, 0x0000000100000000)
  eden space 25600K, 0% used [0x00000000eab00000,0x00000000eab00000,0x00000000ec400000)
  from space 5632K, 93% used [0x00000000ecc00000,0x00000000ed11f7b0,0x00000000ed180000)
  to   space 6144K, 0% used [0x00000000ec580000,0x00000000ec580000,0x00000000ecb80000)
 ParOldGen       total 278528K, used 232453K [0x00000000c0000000, 0x00000000d1000000, 0x00000000eab00000)
  object space 278528K, 83% used [0x00000000c0000000,0x00000000ce301538,0x00000000d1000000)
 Metaspace       used 56936K, committed 57792K, reserved 1105920K
  class space    used 6062K, committed 6464K, reserved 1048576K
}
Event: 34.561 GC heap before
{Heap before GC invocations=98 (full 6):
 PSYoungGen      total 31232K, used 30845K [0x00000000eab00000, 0x00000000ed180000, 0x0000000100000000)
  eden space 25600K, 100% used [0x00000000eab00000,0x00000000ec400000,0x00000000ec400000)
  from space 5632K, 93% used [0x00000000ecc00000,0x00000000ed11f7b0,0x00000000ed180000)
  to   space 6144K, 0% used [0x00000000ec580000,0x00000000ec580000,0x00000000ecb80000)
 ParOldGen       total 278528K, used 232453K [0x00000000c0000000, 0x00000000d1000000, 0x00000000eab00000)
  object space 278528K, 83% used [0x00000000c0000000,0x00000000ce301538,0x00000000d1000000)
 Metaspace       used 56936K, committed 57792K, reserved 1105920K
  class space    used 6062K, committed 6464K, reserved 1048576K
}
Event: 34.614 GC heap after
{Heap after GC invocations=98 (full 6):
 PSYoungGen      total 33280K, used 5555K [0x00000000eab00000, 0x00000000ed380000, 0x0000000100000000)
  eden space 27136K, 0% used [0x00000000eab00000,0x00000000eab00000,0x00000000ec580000)
  from space 6144K, 90% used [0x00000000ec580000,0x00000000ecaecfb8,0x00000000ecb80000)
  to   space 6144K, 0% used [0x00000000ecd80000,0x00000000ecd80000,0x00000000ed380000)
 ParOldGen       total 278528K, used 237758K [0x00000000c0000000, 0x00000000d1000000, 0x00000000eab00000)
  object space 278528K, 85% used [0x00000000c0000000,0x00000000ce82f818,0x00000000d1000000)
 Metaspace       used 56936K, committed 57792K, reserved 1105920K
  class space    used 6062K, committed 6464K, reserved 1048576K
}
Event: 34.839 GC heap before
{Heap before GC invocations=99 (full 6):
 PSYoungGen      total 33280K, used 32691K [0x00000000eab00000, 0x00000000ed380000, 0x0000000100000000)
  eden space 27136K, 100% used [0x00000000eab00000,0x00000000ec580000,0x00000000ec580000)
  from space 6144K, 90% used [0x00000000ec580000,0x00000000ecaecfb8,0x00000000ecb80000)
  to   space 6144K, 0% used [0x00000000ecd80000,0x00000000ecd80000,0x00000000ed380000)
 ParOldGen       total 278528K, used 237758K [0x00000000c0000000, 0x00000000d1000000, 0x00000000eab00000)
  object space 278528K, 85% used [0x00000000c0000000,0x00000000ce82f818,0x00000000d1000000)
 Metaspace       used 56936K, committed 57792K, reserved 1105920K
  class space    used 6062K, committed 6464K, reserved 1048576K
}
Event: 34.897 GC heap after
{Heap after GC invocations=99 (full 6):
 PSYoungGen      total 28160K, used 6125K [0x00000000eab00000, 0x00000000ee300000, 0x0000000100000000)
  eden space 22016K, 0% used [0x00000000eab00000,0x00000000eab00000,0x00000000ec080000)
  from space 6144K, 99% used [0x00000000ecd80000,0x00000000ed37b478,0x00000000ed380000)
  to   space 13312K, 0% used [0x00000000ec080000,0x00000000ec080000,0x00000000ecd80000)
 ParOldGen       total 278528K, used 243502K [0x00000000c0000000, 0x00000000d1000000, 0x00000000eab00000)
  object space 278528K, 87% used [0x00000000c0000000,0x00000000cedcb850,0x00000000d1000000)
 Metaspace       used 56936K, committed 57792K, reserved 1105920K
  class space    used 6062K, committed 6464K, reserved 1048576K
}
Event: 35.105 GC heap before
{Heap before GC invocations=100 (full 6):
 PSYoungGen      total 28160K, used 28141K [0x00000000eab00000, 0x00000000ee300000, 0x0000000100000000)
  eden space 22016K, 100% used [0x00000000eab00000,0x00000000ec080000,0x00000000ec080000)
  from space 6144K, 99% used [0x00000000ecd80000,0x00000000ed37b478,0x00000000ed380000)
  to   space 13312K, 0% used [0x00000000ec080000,0x00000000ec080000,0x00000000ecd80000)
 ParOldGen       total 278528K, used 243502K [0x00000000c0000000, 0x00000000d1000000, 0x00000000eab00000)
  object space 278528K, 87% used [0x00000000c0000000,0x00000000cedcb850,0x00000000d1000000)
 Metaspace       used 56936K, committed 57792K, reserved 1105920K
  class space    used 6062K, committed 6464K, reserved 1048576K
}
Event: 35.139 GC heap after
{Heap after GC invocations=100 (full 6):
 PSYoungGen      total 27136K, used 4759K [0x00000000eab00000, 0x00000000ed280000, 0x0000000100000000)
  eden space 22016K, 0% used [0x00000000eab00000,0x00000000eab00000,0x00000000ec080000)
  from space 5120K, 92% used [0x00000000ec080000,0x00000000ec525cb0,0x00000000ec580000)
  to   space 7680K, 0% used [0x00000000ecb00000,0x00000000ecb00000,0x00000000ed280000)
 ParOldGen       total 278528K, used 249570K [0x00000000c0000000, 0x00000000d1000000, 0x00000000eab00000)
  object space 278528K, 89% used [0x00000000c0000000,0x00000000cf3b8860,0x00000000d1000000)
 Metaspace       used 56936K, committed 57792K, reserved 1105920K
  class space    used 6062K, committed 6464K, reserved 1048576K
}
Event: 35.312 GC heap before
{Heap before GC invocations=101 (full 6):
 PSYoungGen      total 27136K, used 26775K [0x00000000eab00000, 0x00000000ed280000, 0x0000000100000000)
  eden space 22016K, 100% used [0x00000000eab00000,0x00000000ec080000,0x00000000ec080000)
  from space 5120K, 92% used [0x00000000ec080000,0x00000000ec525cb0,0x00000000ec580000)
  to   space 7680K, 0% used [0x00000000ecb00000,0x00000000ecb00000,0x00000000ed280000)
 ParOldGen       total 278528K, used 249570K [0x00000000c0000000, 0x00000000d1000000, 0x00000000eab00000)
  object space 278528K, 89% used [0x00000000c0000000,0x00000000cf3b8860,0x00000000d1000000)
 Metaspace       used 56936K, committed 57792K, reserved 1105920K
  class space    used 6062K, committed 6464K, reserved 1048576K
}
Event: 35.356 GC heap after
{Heap after GC invocations=101 (full 6):
 PSYoungGen      total 30720K, used 5162K [0x00000000eab00000, 0x00000000ed080000, 0x0000000100000000)
  eden space 25088K, 0% used [0x00000000eab00000,0x00000000eab00000,0x00000000ec380000)
  from space 5632K, 91% used [0x00000000ecb00000,0x00000000ed00a9e0,0x00000000ed080000)
  to   space 5632K, 0% used [0x00000000ec580000,0x00000000ec580000,0x00000000ecb00000)
 ParOldGen       total 278528K, used 254333K [0x00000000c0000000, 0x00000000d1000000, 0x00000000eab00000)
  object space 278528K, 91% used [0x00000000c0000000,0x00000000cf85f648,0x00000000d1000000)
 Metaspace       used 56936K, committed 57792K, reserved 1105920K
  class space    used 6062K, committed 6464K, reserved 1048576K
}
Event: 35.537 GC heap before
{Heap before GC invocations=102 (full 6):
 PSYoungGen      total 30720K, used 30250K [0x00000000eab00000, 0x00000000ed080000, 0x0000000100000000)
  eden space 25088K, 100% used [0x00000000eab00000,0x00000000ec380000,0x00000000ec380000)
  from space 5632K, 91% used [0x00000000ecb00000,0x00000000ed00a9e0,0x00000000ed080000)
  to   space 5632K, 0% used [0x00000000ec580000,0x00000000ec580000,0x00000000ecb00000)
 ParOldGen       total 278528K, used 254333K [0x00000000c0000000, 0x00000000d1000000, 0x00000000eab00000)
  object space 278528K, 91% used [0x00000000c0000000,0x00000000cf85f648,0x00000000d1000000)
 Metaspace       used 56936K, committed 57792K, reserved 1105920K
  class space    used 6062K, committed 6464K, reserved 1048576K
}
Event: 35.599 GC heap after
{Heap after GC invocations=102 (full 6):
 PSYoungGen      total 32768K, used 5604K [0x00000000eab00000, 0x00000000ede80000, 0x0000000100000000)
  eden space 27136K, 0% used [0x00000000eab00000,0x00000000eab00000,0x00000000ec580000)
  from space 5632K, 99% used [0x00000000ec580000,0x00000000ecaf9370,0x00000000ecb00000)
  to   space 12288K, 0% used [0x00000000ed280000,0x00000000ed280000,0x00000000ede80000)
 ParOldGen       total 278528K, used 259715K [0x00000000c0000000, 0x00000000d1000000, 0x00000000eab00000)
  object space 278528K, 93% used [0x00000000c0000000,0x00000000cfda0f88,0x00000000d1000000)
 Metaspace       used 56936K, committed 57792K, reserved 1105920K
  class space    used 6062K, committed 6464K, reserved 1048576K
}
Event: 35.814 GC heap before
{Heap before GC invocations=103 (full 6):
 PSYoungGen      total 32768K, used 32740K [0x00000000eab00000, 0x00000000ede80000, 0x0000000100000000)
  eden space 27136K, 100% used [0x00000000eab00000,0x00000000ec580000,0x00000000ec580000)
  from space 5632K, 99% used [0x00000000ec580000,0x00000000ecaf9370,0x00000000ecb00000)
  to   space 12288K, 0% used [0x00000000ed280000,0x00000000ed280000,0x00000000ede80000)
 ParOldGen       total 278528K, used 259715K [0x00000000c0000000, 0x00000000d1000000, 0x00000000eab00000)
  object space 278528K, 93% used [0x00000000c0000000,0x00000000cfda0f88,0x00000000d1000000)
 Metaspace       used 56936K, committed 57792K, reserved 1105920K
  class space    used 6062K, committed 6464K, reserved 1048576K
}
Event: 35.916 GC heap after
{Heap after GC invocations=103 (full 6):
 PSYoungGen      total 37376K, used 6469K [0x00000000eab00000, 0x00000000ed900000, 0x0000000100000000)
  eden space 30720K, 0% used [0x00000000eab00000,0x00000000eab00000,0x00000000ec900000)
  from space 6656K, 97% used [0x00000000ed280000,0x00000000ed8d1448,0x00000000ed900000)
  to   space 8192K, 0% used [0x00000000ec900000,0x00000000ec900000,0x00000000ed100000)
 ParOldGen       total 278528K, used 265345K [0x00000000c0000000, 0x00000000d1000000, 0x00000000eab00000)
  object space 278528K, 95% used [0x00000000c0000000,0x00000000d0320758,0x00000000d1000000)
 Metaspace       used 56936K, committed 57792K, reserved 1105920K
  class space    used 6062K, committed 6464K, reserved 1048576K
}
Event: 36.146 GC heap before
{Heap before GC invocations=104 (full 6):
 PSYoungGen      total 37376K, used 37189K [0x00000000eab00000, 0x00000000ed900000, 0x0000000100000000)
  eden space 30720K, 100% used [0x00000000eab00000,0x00000000ec900000,0x00000000ec900000)
  from space 6656K, 97% used [0x00000000ed280000,0x00000000ed8d1448,0x00000000ed900000)
  to   space 8192K, 0% used [0x00000000ec900000,0x00000000ec900000,0x00000000ed100000)
 ParOldGen       total 278528K, used 265345K [0x00000000c0000000, 0x00000000d1000000, 0x00000000eab00000)
  object space 278528K, 95% used [0x00000000c0000000,0x00000000d0320758,0x00000000d1000000)
 Metaspace       used 56936K, committed 57792K, reserved 1105920K
  class space    used 6062K, committed 6464K, reserved 1048576K
}
Event: 36.272 GC heap after
{Heap after GC invocations=104 (full 6):
 PSYoungGen      total 38912K, used 8182K [0x00000000eab00000, 0x00000000eee00000, 0x0000000100000000)
  eden space 30720K, 0% used [0x00000000eab00000,0x00000000eab00000,0x00000000ec900000)
  from space 8192K, 99% used [0x00000000ec900000,0x00000000ed0fd840,0x00000000ed100000)
  to   space 16896K, 0% used [0x00000000edd80000,0x00000000edd80000,0x00000000eee00000)
 ParOldGen       total 278528K, used 272391K [0x00000000c0000000, 0x00000000d1000000, 0x00000000eab00000)
  object space 278528K, 97% used [0x00000000c0000000,0x00000000d0a01f00,0x00000000d1000000)
 Metaspace       used 56936K, committed 57792K, reserved 1105920K
  class space    used 6062K, committed 6464K, reserved 1048576K
}
Event: 36.273 GC heap before
{Heap before GC invocations=105 (full 7):
 PSYoungGen      total 38912K, used 8182K [0x00000000eab00000, 0x00000000eee00000, 0x0000000100000000)
  eden space 30720K, 0% used [0x00000000eab00000,0x00000000eab00000,0x00000000ec900000)
  from space 8192K, 99% used [0x00000000ec900000,0x00000000ed0fd840,0x00000000ed100000)
  to   space 16896K, 0% used [0x00000000edd80000,0x00000000edd80000,0x00000000eee00000)
 ParOldGen       total 278528K, used 272391K [0x00000000c0000000, 0x00000000d1000000, 0x00000000eab00000)
  object space 278528K, 97% used [0x00000000c0000000,0x00000000d0a01f00,0x00000000d1000000)
 Metaspace       used 56936K, committed 57792K, reserved 1105920K
  class space    used 6062K, committed 6464K, reserved 1048576K
}

