# JRE version: OpenJDK Runtime Environment Temurin-17.0.3+7 (17.0.3+7) (build 17.0.3+7)
# Java VM: OpenJDK 64-Bit Server VM Temurin-17.0.3+7 (17.0.3+7, mixed mode, tiered, compressed oops, compressed class ptrs, parallel gc, linux-amd64)
GC Precious Log:
 CPUs: 1 total, 1 available
 Memory: 1024M
 Large Page Support: Disabled
 NUMA Support: Disabled
 Compressed Oops: Enabled (32-bit)
 Alignments: Space 512K, Generation 512K, Heap 2M
 Heap Min Capacity: 100M
 Heap Initial Capacity: 100M
 Heap Max Capacity: 1G
 Pre-touch: Disabled
 Parallel Workers: 1
Heap:
 PSYoungGen      total 41472K, used 1506K [0x00000000eab00000, 0x00000000eeb80000, 0x0000000100000000)
  eden space 35840K, 0% used [0x00000000eab00000,0x00000000eab00000,0x00000000ece00000)
  from space 5632K, 26% used [0x00000000ece00000,0x00000000ecf78840,0x00000000ed380000)
  to   space 12288K, 0% used [0x00000000edf80000,0x00000000edf80000,0x00000000eeb80000)
 ParOldGen       total 101888K, used 101446K [0x00000000c0000000, 0x00000000c6380000, 0x00000000eab00000)
  object space 101888K, 99% used [0x00000000c0000000,0x00000000c6311ba8,0x00000000c6380000)
 Metaspace       used 55704K, committed 56576K, reserved 1105920K
  class space    used 5989K, committed 6400K, reserved 1048576K
GC Heap History (20 events):
Event: 38.576 GC heap after
{Heap after GC invocations=36 (full 3):
 PSYoungGen      total 23040K, used 3130K [0x00000000eab00000, 0x00000000ec580000, 0x0000000100000000)
  eden space 18944K, 0% used [0x00000000eab00000,0x00000000eab00000,0x00000000ebd80000)
  from space 4096K, 76% used [0x00000000ec180000,0x00000000ec48ea60,0x00000000ec580000)
  to   space 4096K, 0% used [0x00000000ebd80000,0x00000000ebd80000,0x00000000ec180000)
 ParOldGen       total 101888K, used 68938K [0x00000000c0000000, 0x00000000c6380000, 0x00000000eab00000)
  object space 101888K, 67% used [0x00000000c0000000,0x00000000c4352a00,0x00000000c6380000)
 Metaspace       used 52088K, committed 52928K, reserved 1097728K
  class space    used 5666K, committed 6016K, reserved 1048576K
}
Event: 38.978 GC heap before
{Heap before GC invocations=37 (full 3):
 PSYoungGen      total 23040K, used 22016K [0x00000000eab00000, 0x00000000ec580000, 0x0000000100000000)
  eden space 18944K, 99% used [0x00000000eab00000,0x00000000ebd718f0,0x00000000ebd80000)
  from space 4096K, 76% used [0x00000000ec180000,0x00000000ec48ea60,0x00000000ec580000)
  to   space 4096K, 0% used [0x00000000ebd80000,0x00000000ebd80000,0x00000000ec180000)
 ParOldGen       total 101888K, used 68938K [0x00000000c0000000, 0x00000000c6380000, 0x00000000eab00000)
  object space 101888K, 67% used [0x00000000c0000000,0x00000000c4352a00,0x00000000c6380000)
 Metaspace       used 52356K, committed 53184K, reserved 1097728K
  class space    used 5684K, committed 6080K, reserved 1048576K
}
Event: 39.080 GC heap after
{Heap after GC invocations=37 (full 3):
 PSYoungGen      total 23040K, used 2637K [0x00000000eab00000, 0x00000000ec700000, 0x0000000100000000)
  eden space 18944K, 0% used [0x00000000eab00000,0x00000000eab00000,0x00000000ebd80000)
  from space 4096K, 64% used [0x00000000ebd80000,0x00000000ec013768,0x00000000ec180000)
  to   space 3072K, 0% used [0x00000000ec400000,0x00000000ec400000,0x00000000ec700000)
 ParOldGen       total 101888K, used 71974K [0x00000000c0000000, 0x00000000c6380000, 0x00000000eab00000)
  object space 101888K, 70% used [0x00000000c0000000,0x00000000c4649968,0x00000000c6380000)
 Metaspace       used 52356K, committed 53184K, reserved 1097728K
  class space    used 5684K, committed 6080K, reserved 1048576K
}
Event: 39.403 GC heap before
{Heap before GC invocations=38 (full 3):
 PSYoungGen      total 23040K, used 21581K [0x00000000eab00000, 0x00000000ec700000, 0x0000000100000000)
  eden space 18944K, 100% used [0x00000000eab00000,0x00000000ebd80000,0x00000000ebd80000)
  from space 4096K, 64% used [0x00000000ebd80000,0x00000000ec013768,0x00000000ec180000)
  to   space 3072K, 0% used [0x00000000ec400000,0x00000000ec400000,0x00000000ec700000)
 ParOldGen       total 101888K, used 71974K [0x00000000c0000000, 0x00000000c6380000, 0x00000000eab00000)
  object space 101888K, 70% used [0x00000000c0000000,0x00000000c4649968,0x00000000c6380000)
 Metaspace       used 52954K, committed 53824K, reserved 1097728K
  class space    used 5726K, committed 6144K, reserved 1048576K
}
Event: 39.514 GC heap after
{Heap after GC invocations=38 (full 3):
 PSYoungGen      total 25600K, used 2807K [0x00000000eab00000, 0x00000000ec700000, 0x0000000100000000)
  eden space 22528K, 0% used [0x00000000eab00000,0x00000000eab00000,0x00000000ec100000)
  from space 3072K, 91% used [0x00000000ec400000,0x00000000ec6bdda0,0x00000000ec700000)
  to   space 3072K, 0% used [0x00000000ec100000,0x00000000ec100000,0x00000000ec400000)
 ParOldGen       total 101888K, used 74532K [0x00000000c0000000, 0x00000000c6380000, 0x00000000eab00000)
  object space 101888K, 73% used [0x00000000c0000000,0x00000000c48c93d8,0x00000000c6380000)
 Metaspace       used 52954K, committed 53824K, reserved 1097728K
  class space    used 5726K, committed 6144K, reserved 1048576K
}
Event: 39.750 GC heap before
{Heap before GC invocations=39 (full 3):
 PSYoungGen      total 25600K, used 25335K [0x00000000eab00000, 0x00000000ec700000, 0x0000000100000000)
  eden space 22528K, 100% used [0x00000000eab00000,0x00000000ec100000,0x00000000ec100000)
  from space 3072K, 91% used [0x00000000ec400000,0x00000000ec6bdda0,0x00000000ec700000)
  to   space 3072K, 0% used [0x00000000ec100000,0x00000000ec100000,0x00000000ec400000)
 ParOldGen       total 101888K, used 74532K [0x00000000c0000000, 0x00000000c6380000, 0x00000000eab00000)
  object space 101888K, 73% used [0x00000000c0000000,0x00000000c48c93d8,0x00000000c6380000)
 Metaspace       used 52954K, committed 53824K, reserved 1097728K
  class space    used 5726K, committed 6144K, reserved 1048576K
}
Event: 39.793 GC heap after
{Heap after GC invocations=39 (full 3):
 PSYoungGen      total 25600K, used 2427K [0x00000000eab00000, 0x00000000ecb00000, 0x0000000100000000)
  eden space 22528K, 0% used [0x00000000eab00000,0x00000000eab00000,0x00000000ec100000)
  from space 3072K, 79% used [0x00000000ec100000,0x00000000ec35ec68,0x00000000ec400000)
  to   space 3072K, 0% used [0x00000000ec800000,0x00000000ec800000,0x00000000ecb00000)
 ParOldGen       total 101888K, used 77288K [0x00000000c0000000, 0x00000000c6380000, 0x00000000eab00000)
  object space 101888K, 75% used [0x00000000c0000000,0x00000000c4b7a0f0,0x00000000c6380000)
 Metaspace       used 52954K, committed 53824K, reserved 1097728K
  class space    used 5726K, committed 6144K, reserved 1048576K
}
Event: 40.116 GC heap before
{Heap before GC invocations=40 (full 3):
 PSYoungGen      total 25600K, used 24955K [0x00000000eab00000, 0x00000000ecb00000, 0x0000000100000000)
  eden space 22528K, 100% used [0x00000000eab00000,0x00000000ec100000,0x00000000ec100000)
  from space 3072K, 79% used [0x00000000ec100000,0x00000000ec35ec68,0x00000000ec400000)
  to   space 3072K, 0% used [0x00000000ec800000,0x00000000ec800000,0x00000000ecb00000)
 ParOldGen       total 101888K, used 77288K [0x00000000c0000000, 0x00000000c6380000, 0x00000000eab00000)
  object space 101888K, 75% used [0x00000000c0000000,0x00000000c4b7a0f0,0x00000000c6380000)
 Metaspace       used 53032K, committed 53888K, reserved 1097728K
  class space    used 5738K, committed 6144K, reserved 1048576K
}
Event: 40.164 GC heap after
{Heap after GC invocations=40 (full 3):
 PSYoungGen      total 29184K, used 3058K [0x00000000eab00000, 0x00000000ecb80000, 0x0000000100000000)
  eden space 26112K, 0% used [0x00000000eab00000,0x00000000eab00000,0x00000000ec480000)
  from space 3072K, 99% used [0x00000000ec800000,0x00000000ecafc930,0x00000000ecb00000)
  to   space 3584K, 0% used [0x00000000ec480000,0x00000000ec480000,0x00000000ec800000)
 ParOldGen       total 101888K, used 79573K [0x00000000c0000000, 0x00000000c6380000, 0x00000000eab00000)
  object space 101888K, 78% used [0x00000000c0000000,0x00000000c4db5628,0x00000000c6380000)
 Metaspace       used 53032K, committed 53888K, reserved 1097728K
  class space    used 5738K, committed 6144K, reserved 1048576K
}
Event: 40.554 GC heap before
{Heap before GC invocations=41 (full 3):
 PSYoungGen      total 29184K, used 29170K [0x00000000eab00000, 0x00000000ecb80000, 0x0000000100000000)
  eden space 26112K, 100% used [0x00000000eab00000,0x00000000ec480000,0x00000000ec480000)
  from space 3072K, 99% used [0x00000000ec800000,0x00000000ecafc930,0x00000000ecb00000)
  to   space 3584K, 0% used [0x00000000ec480000,0x00000000ec480000,0x00000000ec800000)
 ParOldGen       total 101888K, used 79573K [0x00000000c0000000, 0x00000000c6380000, 0x00000000eab00000)
  object space 101888K, 78% used [0x00000000c0000000,0x00000000c4db5628,0x00000000c6380000)
 Metaspace       used 53286K, committed 54080K, reserved 1097728K
  class space    used 5770K, committed 6144K, reserved 1048576K
}
Event: 40.629 GC heap after
{Heap after GC invocations=41 (full 3):
 PSYoungGen      total 29696K, used 3565K [0x00000000eab00000, 0x00000000eda00000, 0x0000000100000000)
  eden space 26112K, 0% used [0x00000000eab00000,0x00000000eab00000,0x00000000ec480000)
  from space 3584K, 99% used [0x00000000ec480000,0x00000000ec7fb710,0x00000000ec800000)
  to   space 8704K, 0% used [0x00000000ed180000,0x00000000ed180000,0x00000000eda00000)
 ParOldGen       total 101888K, used 83773K [0x00000000c0000000, 0x00000000c6380000, 0x00000000eab00000)
  object space 101888K, 82% used [0x00000000c0000000,0x00000000c51cf680,0x00000000c6380000)
 Metaspace       used 53286K, committed 54080K, reserved 1097728K
  class space    used 5770K, committed 6144K, reserved 1048576K
}
Event: 41.020 GC heap before
{Heap before GC invocations=42 (full 3):
 PSYoungGen      total 29696K, used 29677K [0x00000000eab00000, 0x00000000eda00000, 0x0000000100000000)
  eden space 26112K, 100% used [0x00000000eab00000,0x00000000ec480000,0x00000000ec480000)
  from space 3584K, 99% used [0x00000000ec480000,0x00000000ec7fb710,0x00000000ec800000)
  to   space 8704K, 0% used [0x00000000ed180000,0x00000000ed180000,0x00000000eda00000)
 ParOldGen       total 101888K, used 83773K [0x00000000c0000000, 0x00000000c6380000, 0x00000000eab00000)
  object space 101888K, 82% used [0x00000000c0000000,0x00000000c51cf680,0x00000000c6380000)
 Metaspace       used 53623K, committed 54464K, reserved 1097728K
  class space    used 5800K, committed 6208K, reserved 1048576K
}
Event: 41.189 GC heap after
{Heap after GC invocations=42 (full 3):
 PSYoungGen      total 35840K, used 4619K [0x00000000eab00000, 0x00000000ed680000, 0x0000000100000000)
  eden space 30720K, 0% used [0x00000000eab00000,0x00000000eab00000,0x00000000ec900000)
  from space 5120K, 90% used [0x00000000ed180000,0x00000000ed602d78,0x00000000ed680000)
  to   space 6144K, 0% used [0x00000000eca80000,0x00000000eca80000,0x00000000ed080000)
 ParOldGen       total 101888K, used 87348K [0x00000000c0000000, 0x00000000c6380000, 0x00000000eab00000)
  object space 101888K, 85% used [0x00000000c0000000,0x00000000c554d138,0x00000000c6380000)
 Metaspace       used 53623K, committed 54464K, reserved 1097728K
  class space    used 5800K, committed 6208K, reserved 1048576K
}
Event: 41.710 GC heap before
{Heap before GC invocations=43 (full 3):
 PSYoungGen      total 35840K, used 35339K [0x00000000eab00000, 0x00000000ed680000, 0x0000000100000000)
  eden space 30720K, 100% used [0x00000000eab00000,0x00000000ec900000,0x00000000ec900000)
  from space 5120K, 90% used [0x00000000ed180000,0x00000000ed602d78,0x00000000ed680000)
  to   space 6144K, 0% used [0x00000000eca80000,0x00000000eca80000,0x00000000ed080000)
 ParOldGen       total 101888K, used 87348K [0x00000000c0000000, 0x00000000c6380000, 0x00000000eab00000)
  object space 101888K, 85% used [0x00000000c0000000,0x00000000c554d138,0x00000000c6380000)
 Metaspace       used 53634K, committed 54528K, reserved 1097728K
  class space    used 5800K, committed 6208K, reserved 1048576K
}
Event: 41.839 GC heap after
{Heap after GC invocations=43 (full 3):
 PSYoungGen      total 38400K, used 4829K [0x00000000eab00000, 0x00000000ed880000, 0x0000000100000000)
  eden space 32256K, 0% used [0x00000000eab00000,0x00000000eab00000,0x00000000eca80000)
  from space 6144K, 78% used [0x00000000eca80000,0x00000000ecf37688,0x00000000ed080000)
  to   space 5120K, 0% used [0x00000000ed380000,0x00000000ed380000,0x00000000ed880000)
 ParOldGen       total 101888K, used 91231K [0x00000000c0000000, 0x00000000c6380000, 0x00000000eab00000)
  object space 101888K, 89% used [0x00000000c0000000,0x00000000c5917cf8,0x00000000c6380000)
 Metaspace       used 53634K, committed 54528K, reserved 1097728K
  class space    used 5800K, committed 6208K, reserved 1048576K
}
Event: 42.558 GC heap before
{Heap before GC invocations=44 (full 3):
 PSYoungGen      total 38400K, used 37079K [0x00000000eab00000, 0x00000000ed880000, 0x0000000100000000)
  eden space 32256K, 99% used [0x00000000eab00000,0x00000000eca7e958,0x00000000eca80000)
  from space 6144K, 78% used [0x00000000eca80000,0x00000000ecf37688,0x00000000ed080000)
  to   space 5120K, 0% used [0x00000000ed380000,0x00000000ed380000,0x00000000ed880000)
 ParOldGen       total 101888K, used 91231K [0x00000000c0000000, 0x00000000c6380000, 0x00000000eab00000)
  object space 101888K, 89% used [0x00000000c0000000,0x00000000c5917cf8,0x00000000c6380000)
 Metaspace       used 55102K, committed 56000K, reserved 1105920K
  class space    used 5939K, committed 6336K, reserved 1048576K
}
Event: 42.721 GC heap after
{Heap after GC invocations=44 (full 3):
 PSYoungGen      total 40960K, used 5096K [0x00000000eab00000, 0x00000000eda80000, 0x0000000100000000)
  eden space 35840K, 0% used [0x00000000eab00000,0x00000000eab00000,0x00000000ece00000)
  from space 5120K, 99% used [0x00000000ed380000,0x00000000ed87a0a8,0x00000000ed880000)
  to   space 5632K, 0% used [0x00000000ece00000,0x00000000ece00000,0x00000000ed380000)
 ParOldGen       total 101888K, used 95662K [0x00000000c0000000, 0x00000000c6380000, 0x00000000eab00000)
  object space 101888K, 93% used [0x00000000c0000000,0x00000000c5d6b808,0x00000000c6380000)
 Metaspace       used 55102K, committed 56000K, reserved 1105920K
  class space    used 5939K, committed 6336K, reserved 1048576K
}
Event: 43.557 GC heap before
{Heap before GC invocations=45 (full 3):
 PSYoungGen      total 40960K, used 40936K [0x00000000eab00000, 0x00000000eda80000, 0x0000000100000000)
  eden space 35840K, 100% used [0x00000000eab00000,0x00000000ece00000,0x00000000ece00000)
  from space 5120K, 99% used [0x00000000ed380000,0x00000000ed87a0a8,0x00000000ed880000)
  to   space 5632K, 0% used [0x00000000ece00000,0x00000000ece00000,0x00000000ed380000)
 ParOldGen       total 101888K, used 95662K [0x00000000c0000000, 0x00000000c6380000, 0x00000000eab00000)
  object space 101888K, 93% used [0x00000000c0000000,0x00000000c5d6b808,0x00000000c6380000)
 Metaspace       used 55704K, committed 56576K, reserved 1105920K
  class space    used 5989K, committed 6400K, reserved 1048576K
}
Event: 43.748 GC heap after
{Heap after GC invocations=45 (full 3):
 PSYoungGen      total 41472K, used 5607K [0x00000000eab00000, 0x00000000eeb80000, 0x0000000100000000)
  eden space 35840K, 0% used [0x00000000eab00000,0x00000000eab00000,0x00000000ece00000)
  from space 5632K, 99% used [0x00000000ece00000,0x00000000ed379c38,0x00000000ed380000)
  to   space 12288K, 0% used [0x00000000edf80000,0x00000000edf80000,0x00000000eeb80000)
 ParOldGen       total 101888K, used 101220K [0x00000000c0000000, 0x00000000c6380000, 0x00000000eab00000)
  object space 101888K, 99% used [0x00000000c0000000,0x00000000c62d92c8,0x00000000c6380000)
 Metaspace       used 55704K, committed 56576K, reserved 1105920K
  class space    used 5989K, committed 6400K, reserved 1048576K
}
Event: 43.748 GC heap before
{Heap before GC invocations=46 (full 4):
 PSYoungGen      total 41472K, used 5607K [0x00000000eab00000, 0x00000000eeb80000, 0x0000000100000000)
  eden space 35840K, 0% used [0x00000000eab00000,0x00000000eab00000,0x00000000ece00000)
  from space 5632K, 99% used [0x00000000ece00000,0x00000000ed379c38,0x00000000ed380000)
  to   space 12288K, 0% used [0x00000000edf80000,0x00000000edf80000,0x00000000eeb80000)
 ParOldGen       total 101888K, used 101220K [0x00000000c0000000, 0x00000000c6380000, 0x00000000eab00000)
  object space 101888K, 99% used [0x00000000c0000000,0x00000000c62d92c8,0x00000000c6380000)
 Metaspace       used 55704K, committed 56576K, reserved 1105920K
  class space    used 5989K, committed 6400K, reserved 1048576K
}

