# JRE version: OpenJDK Runtime Environment Temurin-17.0.3+7 (17.0.3+7) (build 17.0.3+7)
# Java VM: OpenJDK 64-Bit Server VM Temurin-17.0.3+7 (17.0.3+7, mixed mode, tiered, compressed oops, compressed class ptrs, parallel gc, linux-amd64)
GC Precious Log:
 CPUs: 1 total, 1 available
 Memory: 1024M
 Large Page Support: Disabled
 NUMA Support: Disabled
 Compressed Oops: Enabled (32-bit)
 Alignments: Space 512K, Generation 512K, Heap 2M
 Heap Min Capacity: 100M
 Heap Initial Capacity: 100M
 Heap Max Capacity: 1G
 Pre-touch: Disabled
 Parallel Workers: 1
Heap:
 PSYoungGen      total 50688K, used 450K [0x00000000eab00000, 0x00000000ee500000, 0x0000000100000000)
  eden space 41472K, 0% used [0x00000000eab00000,0x00000000eab00000,0x00000000ed380000)
  from space 9216K, 4% used [0x00000000edc00000,0x00000000edc70b28,0x00000000ee500000)
  to   space 8704K, 0% used [0x00000000ed380000,0x00000000ed380000,0x00000000edc00000)
 ParOldGen       total 211968K, used 211597K [0x00000000c0000000, 0x00000000ccf00000, 0x00000000eab00000)
  object space 211968K, 99% used [0x00000000c0000000,0x00000000ccea3580,0x00000000ccf00000)
 Metaspace       used 50714K, committed 51584K, reserved 1097728K
  class space    used 5463K, committed 5888K, reserved 1048576K
GC Heap History (20 events):
Event: 31.430 GC heap after
{Heap after GC invocations=49 (full 5):
 PSYoungGen      total 44544K, used 8133K [0x00000000eab00000, 0x00000000ee180000, 0x0000000100000000)
  eden space 36352K, 0% used [0x00000000eab00000,0x00000000eab00000,0x00000000ece80000)
  from space 8192K, 99% used [0x00000000ece80000,0x00000000ed6715f0,0x00000000ed680000)
  to   space 8704K, 0% used [0x00000000ed900000,0x00000000ed900000,0x00000000ee180000)
 ParOldGen       total 211968K, used 138808K [0x00000000c0000000, 0x00000000ccf00000, 0x00000000eab00000)
  object space 211968K, 65% used [0x00000000c0000000,0x00000000c878e308,0x00000000ccf00000)
 Metaspace       used 50713K, committed 51584K, reserved 1097728K
  class space    used 5463K, committed 5888K, reserved 1048576K
}
Event: 31.674 GC heap before
{Heap before GC invocations=50 (full 5):
 PSYoungGen      total 44544K, used 44485K [0x00000000eab00000, 0x00000000ee180000, 0x0000000100000000)
  eden space 36352K, 100% used [0x00000000eab00000,0x00000000ece80000,0x00000000ece80000)
  from space 8192K, 99% used [0x00000000ece80000,0x00000000ed6715f0,0x00000000ed680000)
  to   space 8704K, 0% used [0x00000000ed900000,0x00000000ed900000,0x00000000ee180000)
 ParOldGen       total 211968K, used 138808K [0x00000000c0000000, 0x00000000ccf00000, 0x00000000eab00000)
  object space 211968K, 65% used [0x00000000c0000000,0x00000000c878e308,0x00000000ccf00000)
 Metaspace       used 50713K, committed 51584K, reserved 1097728K
  class space    used 5463K, committed 5888K, reserved 1048576K
}
Event: 31.702 GC heap after
{Heap after GC invocations=50 (full 5):
 PSYoungGen      total 37376K, used 8674K [0x00000000eab00000, 0x00000000ef680000, 0x0000000100000000)
  eden space 28672K, 0% used [0x00000000eab00000,0x00000000eab00000,0x00000000ec700000)
  from space 8704K, 99% used [0x00000000ed900000,0x00000000ee178980,0x00000000ee180000)
  to   space 18432K, 0% used [0x00000000ec700000,0x00000000ec700000,0x00000000ed900000)
 ParOldGen       total 211968K, used 146754K [0x00000000c0000000, 0x00000000ccf00000, 0x00000000eab00000)
  object space 211968K, 69% used [0x00000000c0000000,0x00000000c8f50bd0,0x00000000ccf00000)
 Metaspace       used 50713K, committed 51584K, reserved 1097728K
  class space    used 5463K, committed 5888K, reserved 1048576K
}
Event: 31.894 GC heap before
{Heap before GC invocations=51 (full 5):
 PSYoungGen      total 37376K, used 37346K [0x00000000eab00000, 0x00000000ef680000, 0x0000000100000000)
  eden space 28672K, 100% used [0x00000000eab00000,0x00000000ec700000,0x00000000ec700000)
  from space 8704K, 99% used [0x00000000ed900000,0x00000000ee178980,0x00000000ee180000)
  to   space 18432K, 0% used [0x00000000ec700000,0x00000000ec700000,0x00000000ed900000)
 ParOldGen       total 211968K, used 146754K [0x00000000c0000000, 0x00000000ccf00000, 0x00000000eab00000)
  object space 211968K, 69% used [0x00000000c0000000,0x00000000c8f50bd0,0x00000000ccf00000)
 Metaspace       used 50713K, committed 51584K, reserved 1097728K
  class space    used 5463K, committed 5888K, reserved 1048576K
}
Event: 31.930 GC heap after
{Heap after GC invocations=51 (full 5):
 PSYoungGen      total 35840K, used 7017K [0x00000000eab00000, 0x00000000edf00000, 0x0000000100000000)
  eden space 28672K, 0% used [0x00000000eab00000,0x00000000eab00000,0x00000000ec700000)
  from space 7168K, 97% used [0x00000000ec700000,0x00000000ecdda4c0,0x00000000ece00000)
  to   space 10752K, 0% used [0x00000000ed480000,0x00000000ed480000,0x00000000edf00000)
 ParOldGen       total 211968K, used 155304K [0x00000000c0000000, 0x00000000ccf00000, 0x00000000eab00000)
  object space 211968K, 73% used [0x00000000c0000000,0x00000000c97aa380,0x00000000ccf00000)
 Metaspace       used 50713K, committed 51584K, reserved 1097728K
  class space    used 5463K, committed 5888K, reserved 1048576K
}
Event: 32.157 GC heap before
{Heap before GC invocations=52 (full 5):
 PSYoungGen      total 35840K, used 35689K [0x00000000eab00000, 0x00000000edf00000, 0x0000000100000000)
  eden space 28672K, 100% used [0x00000000eab00000,0x00000000ec700000,0x00000000ec700000)
  from space 7168K, 97% used [0x00000000ec700000,0x00000000ecdda4c0,0x00000000ece00000)
  to   space 10752K, 0% used [0x00000000ed480000,0x00000000ed480000,0x00000000edf00000)
 ParOldGen       total 211968K, used 155304K [0x00000000c0000000, 0x00000000ccf00000, 0x00000000eab00000)
  object space 211968K, 73% used [0x00000000c0000000,0x00000000c97aa380,0x00000000ccf00000)
 Metaspace       used 50714K, committed 51584K, reserved 1097728K
  class space    used 5463K, committed 5888K, reserved 1048576K
}
Event: 32.208 GC heap after
{Heap after GC invocations=52 (full 5):
 PSYoungGen      total 37888K, used 10722K [0x00000000eab00000, 0x00000000ee800000, 0x0000000100000000)
  eden space 27136K, 0% used [0x00000000eab00000,0x00000000eab00000,0x00000000ec580000)
  from space 10752K, 99% used [0x00000000ed480000,0x00000000edef89e0,0x00000000edf00000)
  to   space 15360K, 0% used [0x00000000ec580000,0x00000000ec580000,0x00000000ed480000)
 ParOldGen       total 211968K, used 158317K [0x00000000c0000000, 0x00000000ccf00000, 0x00000000eab00000)
  object space 211968K, 74% used [0x00000000c0000000,0x00000000c9a9b660,0x00000000ccf00000)
 Metaspace       used 50714K, committed 51584K, reserved 1097728K
  class space    used 5463K, committed 5888K, reserved 1048576K
}
Event: 32.419 GC heap before
{Heap before GC invocations=53 (full 5):
 PSYoungGen      total 37888K, used 37858K [0x00000000eab00000, 0x00000000ee800000, 0x0000000100000000)
  eden space 27136K, 100% used [0x00000000eab00000,0x00000000ec580000,0x00000000ec580000)
  from space 10752K, 99% used [0x00000000ed480000,0x00000000edef89e0,0x00000000edf00000)
  to   space 15360K, 0% used [0x00000000ec580000,0x00000000ec580000,0x00000000ed480000)
 ParOldGen       total 211968K, used 158317K [0x00000000c0000000, 0x00000000ccf00000, 0x00000000eab00000)
  object space 211968K, 74% used [0x00000000c0000000,0x00000000c9a9b660,0x00000000ccf00000)
 Metaspace       used 50714K, committed 51584K, reserved 1097728K
  class space    used 5463K, committed 5888K, reserved 1048576K
}
Event: 32.493 GC heap after
{Heap after GC invocations=53 (full 5):
 PSYoungGen      total 33792K, used 6424K [0x00000000eab00000, 0x00000000eda80000, 0x0000000100000000)
  eden space 27136K, 0% used [0x00000000eab00000,0x00000000eab00000,0x00000000ec580000)
  from space 6656K, 96% used [0x00000000ec580000,0x00000000ecbc6328,0x00000000ecc00000)
  to   space 9216K, 0% used [0x00000000ed180000,0x00000000ed180000,0x00000000eda80000)
 ParOldGen       total 211968K, used 168862K [0x00000000c0000000, 0x00000000ccf00000, 0x00000000eab00000)
  object space 211968K, 79% used [0x00000000c0000000,0x00000000ca4e79d0,0x00000000ccf00000)
 Metaspace       used 50714K, committed 51584K, reserved 1097728K
  class space    used 5463K, committed 5888K, reserved 1048576K
}
Event: 32.642 GC heap before
{Heap before GC invocations=54 (full 5):
 PSYoungGen      total 33792K, used 33560K [0x00000000eab00000, 0x00000000eda80000, 0x0000000100000000)
  eden space 27136K, 100% used [0x00000000eab00000,0x00000000ec580000,0x00000000ec580000)
  from space 6656K, 96% used [0x00000000ec580000,0x00000000ecbc6328,0x00000000ecc00000)
  to   space 9216K, 0% used [0x00000000ed180000,0x00000000ed180000,0x00000000eda80000)
 ParOldGen       total 211968K, used 168862K [0x00000000c0000000, 0x00000000ccf00000, 0x00000000eab00000)
  object space 211968K, 79% used [0x00000000c0000000,0x00000000ca4e79d0,0x00000000ccf00000)
 Metaspace       used 50714K, committed 51584K, reserved 1097728K
  class space    used 5463K, committed 5888K, reserved 1048576K
}
Event: 32.688 GC heap after
{Heap after GC invocations=54 (full 5):
 PSYoungGen      total 37888K, used 6677K [0x00000000eab00000, 0x00000000ed880000, 0x0000000100000000)
  eden space 30720K, 0% used [0x00000000eab00000,0x00000000eab00000,0x00000000ec900000)
  from space 7168K, 93% used [0x00000000ed180000,0x00000000ed8056f8,0x00000000ed880000)
  to   space 7168K, 0% used [0x00000000eca80000,0x00000000eca80000,0x00000000ed180000)
 ParOldGen       total 211968K, used 175171K [0x00000000c0000000, 0x00000000ccf00000, 0x00000000eab00000)
  object space 211968K, 82% used [0x00000000c0000000,0x00000000cab10f68,0x00000000ccf00000)
 Metaspace       used 50714K, committed 51584K, reserved 1097728K
  class space    used 5463K, committed 5888K, reserved 1048576K
}
Event: 32.906 GC heap before
{Heap before GC invocations=55 (full 5):
 PSYoungGen      total 37888K, used 37397K [0x00000000eab00000, 0x00000000ed880000, 0x0000000100000000)
  eden space 30720K, 100% used [0x00000000eab00000,0x00000000ec900000,0x00000000ec900000)
  from space 7168K, 93% used [0x00000000ed180000,0x00000000ed8056f8,0x00000000ed880000)
  to   space 7168K, 0% used [0x00000000eca80000,0x00000000eca80000,0x00000000ed180000)
 ParOldGen       total 211968K, used 175171K [0x00000000c0000000, 0x00000000ccf00000, 0x00000000eab00000)
  object space 211968K, 82% used [0x00000000c0000000,0x00000000cab10f68,0x00000000ccf00000)
 Metaspace       used 50714K, committed 51584K, reserved 1097728K
  class space    used 5463K, committed 5888K, reserved 1048576K
}
Event: 32.995 GC heap after
{Heap after GC invocations=55 (full 5):
 PSYoungGen      total 39424K, used 7152K [0x00000000eab00000, 0x00000000eeb80000, 0x0000000100000000)
  eden space 32256K, 0% used [0x00000000eab00000,0x00000000eab00000,0x00000000eca80000)
  from space 7168K, 99% used [0x00000000eca80000,0x00000000ed17c068,0x00000000ed180000)
  to   space 15872K, 0% used [0x00000000edc00000,0x00000000edc00000,0x00000000eeb80000)
 ParOldGen       total 211968K, used 182125K [0x00000000c0000000, 0x00000000ccf00000, 0x00000000eab00000)
  object space 211968K, 85% used [0x00000000c0000000,0x00000000cb1db4f8,0x00000000ccf00000)
 Metaspace       used 50714K, committed 51584K, reserved 1097728K
  class space    used 5463K, committed 5888K, reserved 1048576K
}
Event: 33.383 GC heap before
{Heap before GC invocations=56 (full 5):
 PSYoungGen      total 39424K, used 39408K [0x00000000eab00000, 0x00000000eeb80000, 0x0000000100000000)
  eden space 32256K, 100% used [0x00000000eab00000,0x00000000eca80000,0x00000000eca80000)
  from space 7168K, 99% used [0x00000000eca80000,0x00000000ed17c068,0x00000000ed180000)
  to   space 15872K, 0% used [0x00000000edc00000,0x00000000edc00000,0x00000000eeb80000)
 ParOldGen       total 211968K, used 182125K [0x00000000c0000000, 0x00000000ccf00000, 0x00000000eab00000)
  object space 211968K, 85% used [0x00000000c0000000,0x00000000cb1db4f8,0x00000000ccf00000)
 Metaspace       used 50714K, committed 51584K, reserved 1097728K
  class space    used 5463K, committed 5888K, reserved 1048576K
}
Event: 33.487 GC heap after
{Heap after GC invocations=56 (full 5):
 PSYoungGen      total 47104K, used 10500K [0x00000000eab00000, 0x00000000ee680000, 0x0000000100000000)
  eden space 36352K, 0% used [0x00000000eab00000,0x00000000eab00000,0x00000000ece80000)
  from space 10752K, 97% used [0x00000000edc00000,0x00000000ee641118,0x00000000ee680000)
  to   space 11776K, 0% used [0x00000000ecf80000,0x00000000ecf80000,0x00000000edb00000)
 ParOldGen       total 211968K, used 189244K [0x00000000c0000000, 0x00000000ccf00000, 0x00000000eab00000)
  object space 211968K, 89% used [0x00000000c0000000,0x00000000cb8cf280,0x00000000ccf00000)
 Metaspace       used 50714K, committed 51584K, reserved 1097728K
  class space    used 5463K, committed 5888K, reserved 1048576K
}
Event: 33.976 GC heap before
{Heap before GC invocations=57 (full 5):
 PSYoungGen      total 47104K, used 46852K [0x00000000eab00000, 0x00000000ee680000, 0x0000000100000000)
  eden space 36352K, 100% used [0x00000000eab00000,0x00000000ece80000,0x00000000ece80000)
  from space 10752K, 97% used [0x00000000edc00000,0x00000000ee641118,0x00000000ee680000)
  to   space 11776K, 0% used [0x00000000ecf80000,0x00000000ecf80000,0x00000000edb00000)
 ParOldGen       total 211968K, used 189244K [0x00000000c0000000, 0x00000000ccf00000, 0x00000000eab00000)
  object space 211968K, 89% used [0x00000000c0000000,0x00000000cb8cf280,0x00000000ccf00000)
 Metaspace       used 50714K, committed 51584K, reserved 1097728K
  class space    used 5463K, committed 5888K, reserved 1048576K
}
Event: 34.076 GC heap after
{Heap after GC invocations=57 (full 5):
 PSYoungGen      total 49152K, used 8397K [0x00000000eab00000, 0x00000000ee580000, 0x0000000100000000)
  eden space 37376K, 0% used [0x00000000eab00000,0x00000000eab00000,0x00000000ecf80000)
  from space 11776K, 71% used [0x00000000ecf80000,0x00000000ed7b3508,0x00000000edb00000)
  to   space 9728K, 0% used [0x00000000edc00000,0x00000000edc00000,0x00000000ee580000)
 ParOldGen       total 211968K, used 199651K [0x00000000c0000000, 0x00000000ccf00000, 0x00000000eab00000)
  object space 211968K, 94% used [0x00000000c0000000,0x00000000cc2f8c48,0x00000000ccf00000)
 Metaspace       used 50714K, committed 51584K, reserved 1097728K
  class space    used 5463K, committed 5888K, reserved 1048576K
}
Event: 34.606 GC heap before
{Heap before GC invocations=58 (full 5):
 PSYoungGen      total 49152K, used 45770K [0x00000000eab00000, 0x00000000ee580000, 0x0000000100000000)
  eden space 37376K, 99% used [0x00000000eab00000,0x00000000ecf7f620,0x00000000ecf80000)
  from space 11776K, 71% used [0x00000000ecf80000,0x00000000ed7b3508,0x00000000edb00000)
  to   space 9728K, 0% used [0x00000000edc00000,0x00000000edc00000,0x00000000ee580000)
 ParOldGen       total 211968K, used 199651K [0x00000000c0000000, 0x00000000ccf00000, 0x00000000eab00000)
  object space 211968K, 94% used [0x00000000c0000000,0x00000000cc2f8c48,0x00000000ccf00000)
 Metaspace       used 50714K, committed 51584K, reserved 1097728K
  class space    used 5463K, committed 5888K, reserved 1048576K
}
Event: 34.859 GC heap after
{Heap after GC invocations=58 (full 5):
 PSYoungGen      total 50688K, used 8187K [0x00000000eab00000, 0x00000000ee500000, 0x0000000100000000)
  eden space 41472K, 0% used [0x00000000eab00000,0x00000000eab00000,0x00000000ed380000)
  from space 9216K, 88% used [0x00000000edc00000,0x00000000ee3fee48,0x00000000ee500000)
  to   space 8704K, 0% used [0x00000000ed380000,0x00000000ed380000,0x00000000edc00000)
 ParOldGen       total 211968K, used 207980K [0x00000000c0000000, 0x00000000ccf00000, 0x00000000eab00000)
  object space 211968K, 98% used [0x00000000c0000000,0x00000000ccb1b2a8,0x00000000ccf00000)
 Metaspace       used 50714K, committed 51584K, reserved 1097728K
  class space    used 5463K, committed 5888K, reserved 1048576K
}
Event: 34.859 GC heap before
{Heap before GC invocations=59 (full 6):
 PSYoungGen      total 50688K, used 8187K [0x00000000eab00000, 0x00000000ee500000, 0x0000000100000000)
  eden space 41472K, 0% used [0x00000000eab00000,0x00000000eab00000,0x00000000ed380000)
  from space 9216K, 88% used [0x00000000edc00000,0x00000000ee3fee48,0x00000000ee500000)
  to   space 8704K, 0% used [0x00000000ed380000,0x00000000ed380000,0x00000000edc00000)
 ParOldGen       total 211968K, used 207980K [0x00000000c0000000, 0x00000000ccf00000, 0x00000000eab00000)
  object space 211968K, 98% used [0x00000000c0000000,0x00000000ccb1b2a8,0x00000000ccf00000)
 Metaspace       used 50714K, committed 51584K, reserved 1097728K
  class space    used 5463K, committed 5888K, reserved 1048576K
}

